# JRE version: OpenJDK Runtime Environment (8.0_242-b01) (build 1.8.0_242-release-1644-b01)
# Java VM: OpenJDK 64-Bit Server VM (25.242-b01 mixed mode windows-amd64 compressed oops)
Heap:
 PSYoungGen      total 112640K, used 43394K [0x00000000d5580000, 0x00000000df280000, 0x0000000100000000)
  eden space 100864K, 43% used [0x00000000d5580000,0x00000000d7fe0850,0x00000000db800000)
  from space 11776K, 0% used [0x00000000db800000,0x00000000db800000,0x00000000dc380000)
  to   space 12288K, 0% used [0x00000000de680000,0x00000000de680000,0x00000000df280000)
 ParOldGen       total 94208K, used 17112K [0x0000000080000000, 0x0000000085c00000, 0x00000000d5580000)
  object space 94208K, 18% used [0x0000000080000000,0x00000000810b61f0,0x0000000085c00000)
 Metaspace       used 35858K, capacity 37082K, committed 37288K, reserved 1081344K
  class space    used 4944K, capacity 5236K, committed 5296K, reserved 1048576K
GC Heap History (10 events):
Event: 2.132 GC heap before
{Heap before GC invocations=7 (full 1):
 PSYoungGen      total 74752K, used 8767K [0x00000000d5580000, 0x00000000dab80000, 0x0000000100000000)
  eden space 64512K, 0% used [0x00000000d5580000,0x00000000d5580000,0x00000000d9480000)
  from space 10240K, 85% used [0x00000000d9f80000,0x00000000da80fd20,0x00000000da980000)
  to   space 11264K, 0% used [0x00000000d9480000,0x00000000d9480000,0x00000000d9f80000)
 ParOldGen       total 86016K, used 7214K [0x0000000080000000, 0x0000000085400000, 0x00000000d5580000)
  object space 86016K, 8% used [0x0000000080000000,0x000000008070b848,0x0000000085400000)
 Metaspace       used 20504K, capacity 21242K, committed 21296K, reserved 1067008K
  class space    used 2886K, capacity 3099K, committed 3120K, reserved 1048576K
Event: 2.160 GC heap after
Heap after GC invocations=7 (full 1):
 PSYoungGen      total 74752K, used 0K [0x00000000d5580000, 0x00000000dab80000, 0x0000000100000000)
  eden space 64512K, 0% used [0x00000000d5580000,0x00000000d5580000,0x00000000d9480000)
  from space 10240K, 0% used [0x00000000d9f80000,0x00000000d9f80000,0x00000000da980000)
  to   space 11264K, 0% used [0x00000000d9480000,0x00000000d9480000,0x00000000d9f80000)
 ParOldGen       total 60928K, used 9302K [0x0000000080000000, 0x0000000083b80000, 0x00000000d5580000)
  object space 60928K, 15% used [0x0000000080000000,0x0000000080915ac0,0x0000000083b80000)
 Metaspace       used 20504K, capacity 21242K, committed 21296K, reserved 1067008K
  class space    used 2886K, capacity 3099K, committed 3120K, reserved 1048576K
}
Event: 2.603 GC heap before
{Heap before GC invocations=8 (full 1):
 PSYoungGen      total 74752K, used 64512K [0x00000000d5580000, 0x00000000dab80000, 0x0000000100000000)
  eden space 64512K, 100% used [0x00000000d5580000,0x00000000d9480000,0x00000000d9480000)
  from space 10240K, 0% used [0x00000000d9f80000,0x00000000d9f80000,0x00000000da980000)
  to   space 11264K, 0% used [0x00000000d9480000,0x00000000d9480000,0x00000000d9f80000)
 ParOldGen       total 60928K, used 9302K [0x0000000080000000, 0x0000000083b80000, 0x00000000d5580000)
  object space 60928K, 15% used [0x0000000080000000,0x0000000080915ac0,0x0000000083b80000)
 Metaspace       used 27958K, capacity 28700K, committed 28976K, reserved 1075200K
  class space    used 3864K, capacity 4109K, committed 4144K, reserved 1048576K
Event: 2.612 GC heap after
Heap after GC invocations=8 (full 1):
 PSYoungGen      total 75776K, used 7960K [0x00000000d5580000, 0x00000000dce80000, 0x0000000100000000)
  eden space 64512K, 0% used [0x00000000d5580000,0x00000000d5580000,0x00000000d9480000)
  from space 11264K, 70% used [0x00000000d9480000,0x00000000d9c46190,0x00000000d9f80000)
  to   space 11264K, 0% used [0x00000000dc380000,0x00000000dc380000,0x00000000dce80000)
 ParOldGen       total 60928K, used 9310K [0x0000000080000000, 0x0000000083b80000, 0x00000000d5580000)
  object space 60928K, 15% used [0x0000000080000000,0x0000000080917ac0,0x0000000083b80000)
 Metaspace       used 27958K, capacity 28700K, committed 28976K, reserved 1075200K
  class space    used 3864K, capacity 4109K, committed 4144K, reserved 1048576K
}
Event: 3.127 GC heap before
{Heap before GC invocations=9 (full 1):
 PSYoungGen      total 75776K, used 72472K [0x00000000d5580000, 0x00000000dce80000, 0x0000000100000000)
  eden space 64512K, 100% used [0x00000000d5580000,0x00000000d9480000,0x00000000d9480000)
  from space 11264K, 70% used [0x00000000d9480000,0x00000000d9c46190,0x00000000d9f80000)
  to   space 11264K, 0% used [0x00000000dc380000,0x00000000dc380000,0x00000000dce80000)
 ParOldGen       total 60928K, used 9310K [0x0000000080000000, 0x0000000083b80000, 0x00000000d5580000)
  object space 60928K, 15% used [0x0000000080000000,0x0000000080917ac0,0x0000000083b80000)
 Metaspace       used 32113K, capacity 33142K, committed 33456K, reserved 1077248K
  class space    used 4360K, capacity 4670K, committed 4784K, reserved 1048576K
Event: 3.137 GC heap after
Heap after GC invocations=9 (full 1):
 PSYoungGen      total 112128K, used 8633K [0x00000000d5580000, 0x00000000dd000000, 0x0000000100000000)
  eden space 100864K, 0% used [0x00000000d5580000,0x00000000d5580000,0x00000000db800000)
  from space 11264K, 76% used [0x00000000dc380000,0x00000000dcbee6d0,0x00000000dce80000)
  to   space 11776K, 0% used [0x00000000db800000,0x00000000db800000,0x00000000dc380000)
 ParOldGen       total 60928K, used 9318K [0x0000000080000000, 0x0000000083b80000, 0x00000000d5580000)
  object space 60928K, 15% used [0x0000000080000000,0x0000000080919ac0,0x0000000083b80000)
 Metaspace       used 32113K, capacity 33142K, committed 33456K, reserved 1077248K
  class space    used 4360K, capacity 4670K, committed 4784K, reserved 1048576K
}
Event: 3.555 GC heap before
{Heap before GC invocations=10 (full 1):
 PSYoungGen      total 112128K, used 51941K [0x00000000d5580000, 0x00000000dd000000, 0x0000000100000000)
  eden space 100864K, 42% used [0x00000000d5580000,0x00000000d7fcb118,0x00000000db800000)
  from space 11264K, 76% used [0x00000000dc380000,0x00000000dcbee6d0,0x00000000dce80000)
  to   space 11776K, 0% used [0x00000000db800000,0x00000000db800000,0x00000000dc380000)
 ParOldGen       total 60928K, used 9318K [0x0000000080000000, 0x0000000083b80000, 0x00000000d5580000)
  object space 60928K, 15% used [0x0000000080000000,0x0000000080919ac0,0x0000000083b80000)
 Metaspace       used 34371K, capacity 35342K, committed 35496K, reserved 1079296K
  class space    used 4683K, capacity 4948K, committed 5040K, reserved 1048576K
Event: 3.563 GC heap after
Heap after GC invocations=10 (full 1):
 PSYoungGen      total 112640K, used 10119K [0x00000000d5580000, 0x00000000df280000, 0x0000000100000000)
  eden space 100864K, 0% used [0x00000000d5580000,0x00000000d5580000,0x00000000db800000)
  from space 11776K, 85% used [0x00000000db800000,0x00000000dc1e1c28,0x00000000dc380000)
  to   space 12288K, 0% used [0x00000000de680000,0x00000000de680000,0x00000000df280000)
 ParOldGen       total 60928K, used 9326K [0x0000000080000000, 0x0000000083b80000, 0x00000000d5580000)
  object space 60928K, 15% used [0x0000000080000000,0x000000008091bac0,0x0000000083b80000)
 Metaspace       used 34371K, capacity 35342K, committed 35496K, reserved 1079296K
  class space    used 4683K, capacity 4948K, committed 5040K, reserved 1048576K
}
Event: 3.563 GC heap before
{Heap before GC invocations=11 (full 2):
 PSYoungGen      total 112640K, used 10119K [0x00000000d5580000, 0x00000000df280000, 0x0000000100000000)
  eden space 100864K, 0% used [0x00000000d5580000,0x00000000d5580000,0x00000000db800000)
  from space 11776K, 85% used [0x00000000db800000,0x00000000dc1e1c28,0x00000000dc380000)
  to   space 12288K, 0% used [0x00000000de680000,0x00000000de680000,0x00000000df280000)
 ParOldGen       total 60928K, used 9326K [0x0000000080000000, 0x0000000083b80000, 0x00000000d5580000)
  object space 60928K, 15% used [0x0000000080000000,0x000000008091bac0,0x0000000083b80000)
 Metaspace       used 34371K, capacity 35342K, committed 35496K, reserved 1079296K
  class space    used 4683K, capacity 4948K, committed 5040K, reserved 1048576K
Event: 3.603 GC heap after
Heap after GC invocations=11 (full 2):
 PSYoungGen      total 112640K, used 0K [0x00000000d5580000, 0x00000000df280000, 0x0000000100000000)
  eden space 100864K, 0% used [0x00000000d5580000,0x00000000d5580000,0x00000000db800000)
  from space 11776K, 0% used [0x00000000db800000,0x00000000db800000,0x00000000dc380000)
  to   space 12288K, 0% used [0x00000000de680000,0x00000000de680000,0x00000000df280000)
 ParOldGen       total 94208K, used 17112K [0x0000000080000000, 0x0000000085c00000, 0x00000000d5580000)
  object space 94208K, 18% used [0x0000000080000000,0x00000000810b61f0,0x0000000085c00000)
 Metaspace       used 34371K, capacity 35342K, committed 35496K, reserved 1079296K
  class space    used 4683K, capacity 4948K, committed 5040K, reserved 1048576K
}

