# JRE version: OpenJDK Runtime Environment (8.0_242-b01) (build 1.8.0_242-release-1644-b01)
# Java VM: OpenJDK 64-Bit Server VM (25.242-b01 mixed mode windows-amd64 compressed oops)
Heap:
 PSYoungGen      total 190464K, used 62410K [0x00000000d5580000, 0x00000000e2c80000, 0x0000000100000000)
  eden space 172544K, 36% used [0x00000000d5580000,0x00000000d9272be0,0x00000000dfe00000)
  from space 17920K, 0% used [0x00000000e0f00000,0x00000000e0f00000,0x00000000e2080000)
  to   space 17408K, 0% used [0x00000000dfe00000,0x00000000dfe00000,0x00000000e0f00000)
 ParOldGen       total 87040K, used 34875K [0x0000000080000000, 0x0000000085500000, 0x00000000d5580000)
  object space 87040K, 40% used [0x0000000080000000,0x000000008220ec50,0x0000000085500000)
 Metaspace       used 60943K, capacity 63134K, committed 63384K, reserved 1103872K
  class space    used 8344K, capacity 8831K, committed 8880K, reserved 1048576K
GC Heap History (10 events):
Event: 4.694 GC heap before
{Heap before GC invocations=11 (full 2):
 PSYoungGen      total 114688K, used 9352K [0x00000000d5580000, 0x00000000dfb00000, 0x0000000100000000)
  eden space 102912K, 0% used [0x00000000d5580000,0x00000000d5580000,0x00000000dba00000)
  from space 11776K, 79% used [0x00000000dba00000,0x00000000dc322140,0x00000000dc580000)
  to   space 12288K, 0% used [0x00000000def00000,0x00000000def00000,0x00000000dfb00000)
 ParOldGen       total 58880K, used 9003K [0x0000000080000000, 0x0000000083980000, 0x00000000d5580000)
  object space 58880K, 15% used [0x0000000080000000,0x00000000808caf18,0x0000000083980000)
 Metaspace       used 34458K, capacity 35354K, committed 35496K, reserved 1079296K
  class space    used 4724K, capacity 4938K, committed 5040K, reserved 1048576K
Event: 4.738 GC heap after
Heap after GC invocations=11 (full 2):
 PSYoungGen      total 114688K, used 0K [0x00000000d5580000, 0x00000000dfb00000, 0x0000000100000000)
  eden space 102912K, 0% used [0x00000000d5580000,0x00000000d5580000,0x00000000dba00000)
  from space 11776K, 0% used [0x00000000dba00000,0x00000000dba00000,0x00000000dc580000)
  to   space 12288K, 0% used [0x00000000def00000,0x00000000def00000,0x00000000dfb00000)
 ParOldGen       total 87040K, used 15983K [0x0000000080000000, 0x0000000085500000, 0x00000000d5580000)
  object space 87040K, 18% used [0x0000000080000000,0x0000000080f9bd88,0x0000000085500000)
 Metaspace       used 34458K, capacity 35354K, committed 35496K, reserved 1079296K
  class space    used 4724K, capacity 4938K, committed 5040K, reserved 1048576K
}
Event: 6.158 GC heap before
{Heap before GC invocations=12 (full 2):
 PSYoungGen      total 114688K, used 102912K [0x00000000d5580000, 0x00000000dfb00000, 0x0000000100000000)
  eden space 102912K, 100% used [0x00000000d5580000,0x00000000dba00000,0x00000000dba00000)
  from space 11776K, 0% used [0x00000000dba00000,0x00000000dba00000,0x00000000dc580000)
  to   space 12288K, 0% used [0x00000000def00000,0x00000000def00000,0x00000000dfb00000)
 ParOldGen       total 87040K, used 15983K [0x0000000080000000, 0x0000000085500000, 0x00000000d5580000)
  object space 87040K, 18% used [0x0000000080000000,0x0000000080f9bd88,0x0000000085500000)
 Metaspace       used 43118K, capacity 44680K, committed 44976K, reserved 1087488K
  class space    used 5836K, capacity 6202K, committed 6320K, reserved 1048576K
Event: 6.168 GC heap after
Heap after GC invocations=12 (full 2):
 PSYoungGen      total 145920K, used 12091K [0x00000000d5580000, 0x00000000dfb00000, 0x0000000100000000)
  eden space 133632K, 0% used [0x00000000d5580000,0x00000000d5580000,0x00000000dd800000)
  from space 12288K, 98% used [0x00000000def00000,0x00000000dfaced50,0x00000000dfb00000)
  to   space 13312K, 0% used [0x00000000de100000,0x00000000de100000,0x00000000dee00000)
 ParOldGen       total 87040K, used 15991K [0x0000000080000000, 0x0000000085500000, 0x00000000d5580000)
  object space 87040K, 18% used [0x0000000080000000,0x0000000080f9dd88,0x0000000085500000)
 Metaspace       used 43118K, capacity 44680K, committed 44976K, reserved 1087488K
  class space    used 5836K, capacity 6202K, committed 6320K, reserved 1048576K
}
Event: 7.652 GC heap before
{Heap before GC invocations=13 (full 2):
 PSYoungGen      total 145920K, used 145723K [0x00000000d5580000, 0x00000000dfb00000, 0x0000000100000000)
  eden space 133632K, 100% used [0x00000000d5580000,0x00000000dd800000,0x00000000dd800000)
  from space 12288K, 98% used [0x00000000def00000,0x00000000dfaced50,0x00000000dfb00000)
  to   space 13312K, 0% used [0x00000000de100000,0x00000000de100000,0x00000000dee00000)
 ParOldGen       total 87040K, used 15991K [0x0000000080000000, 0x0000000085500000, 0x00000000d5580000)
  object space 87040K, 18% used [0x0000000080000000,0x0000000080f9dd88,0x0000000085500000)
 Metaspace       used 52434K, capacity 54260K, committed 54320K, reserved 1095680K
  class space    used 6992K, capacity 7417K, committed 7472K, reserved 1048576K
Event: 7.671 GC heap after
Heap after GC invocations=13 (full 2):
 PSYoungGen      total 156160K, used 13284K [0x00000000d5580000, 0x00000000e2080000, 0x0000000100000000)
  eden space 142848K, 0% used [0x00000000d5580000,0x00000000d5580000,0x00000000de100000)
  from space 13312K, 99% used [0x00000000de100000,0x00000000dedf9310,0x00000000dee00000)
  to   space 17920K, 0% used [0x00000000e0f00000,0x00000000e0f00000,0x00000000e2080000)
 ParOldGen       total 87040K, used 23561K [0x0000000080000000, 0x0000000085500000, 0x00000000d5580000)
  object space 87040K, 27% used [0x0000000080000000,0x00000000817025d8,0x0000000085500000)
 Metaspace       used 52434K, capacity 54260K, committed 54320K, reserved 1095680K
  class space    used 6992K, capacity 7417K, committed 7472K, reserved 1048576K
}
Event: 8.576 GC heap before
{Heap before GC invocations=14 (full 2):
 PSYoungGen      total 156160K, used 81907K [0x00000000d5580000, 0x00000000e2080000, 0x0000000100000000)
  eden space 142848K, 48% used [0x00000000d5580000,0x00000000d9883a90,0x00000000de100000)
  from space 13312K, 99% used [0x00000000de100000,0x00000000dedf9310,0x00000000dee00000)
  to   space 17920K, 0% used [0x00000000e0f00000,0x00000000e0f00000,0x00000000e2080000)
 ParOldGen       total 87040K, used 23561K [0x0000000080000000, 0x0000000085500000, 0x00000000d5580000)
  object space 87040K, 27% used [0x0000000080000000,0x00000000817025d8,0x0000000085500000)
 Metaspace       used 56961K, capacity 59104K, committed 59160K, reserved 1099776K
  class space    used 7731K, capacity 8196K, committed 8240K, reserved 1048576K
Event: 8.594 GC heap after
Heap after GC invocations=14 (full 2):
 PSYoungGen      total 190464K, used 8010K [0x00000000d5580000, 0x00000000e2c80000, 0x0000000100000000)
  eden space 172544K, 0% used [0x00000000d5580000,0x00000000d5580000,0x00000000dfe00000)
  from space 17920K, 44% used [0x00000000e0f00000,0x00000000e16d2830,0x00000000e2080000)
  to   space 17408K, 0% used [0x00000000dfe00000,0x00000000dfe00000,0x00000000e0f00000)
 ParOldGen       total 87040K, used 36811K [0x0000000080000000, 0x0000000085500000, 0x00000000d5580000)
  object space 87040K, 42% used [0x0000000080000000,0x00000000823f2db8,0x0000000085500000)
 Metaspace       used 56961K, capacity 59104K, committed 59160K, reserved 1099776K
  class space    used 7731K, capacity 8196K, committed 8240K, reserved 1048576K
}
Event: 8.594 GC heap before
{Heap before GC invocations=15 (full 3):
 PSYoungGen      total 190464K, used 8010K [0x00000000d5580000, 0x00000000e2c80000, 0x0000000100000000)
  eden space 172544K, 0% used [0x00000000d5580000,0x00000000d5580000,0x00000000dfe00000)
  from space 17920K, 44% used [0x00000000e0f00000,0x00000000e16d2830,0x00000000e2080000)
  to   space 17408K, 0% used [0x00000000dfe00000,0x00000000dfe00000,0x00000000e0f00000)
 ParOldGen       total 87040K, used 36811K [0x0000000080000000, 0x0000000085500000, 0x00000000d5580000)
  object space 87040K, 42% used [0x0000000080000000,0x00000000823f2db8,0x0000000085500000)
 Metaspace       used 56961K, capacity 59104K, committed 59160K, reserved 1099776K
  class space    used 7731K, capacity 8196K, committed 8240K, reserved 1048576K
Event: 8.797 GC heap after
Heap after GC invocations=15 (full 3):
 PSYoungGen      total 190464K, used 0K [0x00000000d5580000, 0x00000000e2c80000, 0x0000000100000000)
  eden space 172544K, 0% used [0x00000000d5580000,0x00000000d5580000,0x00000000dfe00000)
  from space 17920K, 0% used [0x00000000e0f00000,0x00000000e0f00000,0x00000000e2080000)
  to   space 17408K, 0% used [0x00000000dfe00000,0x00000000dfe00000,0x00000000e0f00000)
 ParOldGen       total 87040K, used 34875K [0x0000000080000000, 0x0000000085500000, 0x00000000d5580000)
  object space 87040K, 40% used [0x0000000080000000,0x000000008220ec50,0x0000000085500000)
 Metaspace       used 56930K, capacity 58996K, committed 59160K, reserved 1099776K
  class space    used 7721K, capacity 8178K, committed 8240K, reserved 1048576K
}

