# JRE version: OpenJDK Runtime Environment (8.0_242-b01) (build 1.8.0_242-release-1644-b01)
# Java VM: OpenJDK 64-Bit Server VM (25.242-b01 mixed mode windows-amd64 compressed oops)
Heap:
 PSYoungGen      total 138752K, used 32650K [0x00000000d5580000, 0x00000000df100000, 0x0000000100000000)
  eden space 129536K, 18% used [0x00000000d5580000,0x00000000d6c90e90,0x00000000dd400000)
  from space 9216K, 97% used [0x00000000de800000,0x00000000df0d1a50,0x00000000df100000)
  to   space 12288K, 0% used [0x00000000dd900000,0x00000000dd900000,0x00000000de500000)
 ParOldGen       total 90624K, used 16305K [0x0000000080000000, 0x0000000085880000, 0x00000000d5580000)
  object space 90624K, 17% used [0x0000000080000000,0x0000000080fec728,0x0000000085880000)
 Metaspace       used 42472K, capacity 44278K, committed 44584K, reserved 1087488K
  class space    used 5736K, capacity 6098K, committed 6184K, reserved 1048576K
GC Heap History (10 events):
Event: 2.596 GC heap before
{Heap before GC invocations=8 (full 1):
 PSYoungGen      total 74752K, used 64512K [0x00000000d5580000, 0x00000000dab80000, 0x0000000100000000)
  eden space 64512K, 100% used [0x00000000d5580000,0x00000000d9480000,0x00000000d9480000)
  from space 10240K, 0% used [0x00000000d9f80000,0x00000000d9f80000,0x00000000da980000)
  to   space 11264K, 0% used [0x00000000d9480000,0x00000000d9480000,0x00000000d9f80000)
 ParOldGen       total 59392K, used 9218K [0x0000000080000000, 0x0000000083a00000, 0x00000000d5580000)
  object space 59392K, 15% used [0x0000000080000000,0x0000000080900830,0x0000000083a00000)
 Metaspace       used 27992K, capacity 28892K, committed 29232K, reserved 1075200K
  class space    used 3864K, capacity 4109K, committed 4144K, reserved 1048576K
Event: 2.601 GC heap after
Heap after GC invocations=8 (full 1):
 PSYoungGen      total 75776K, used 7916K [0x00000000d5580000, 0x00000000dcf00000, 0x0000000100000000)
  eden space 64512K, 0% used [0x00000000d5580000,0x00000000d5580000,0x00000000d9480000)
  from space 11264K, 70% used [0x00000000d9480000,0x00000000d9c3b1c8,0x00000000d9f80000)
  to   space 11264K, 0% used [0x00000000dc400000,0x00000000dc400000,0x00000000dcf00000)
 ParOldGen       total 59392K, used 9226K [0x0000000080000000, 0x0000000083a00000, 0x00000000d5580000)
  object space 59392K, 15% used [0x0000000080000000,0x0000000080902830,0x0000000083a00000)
 Metaspace       used 27992K, capacity 28892K, committed 29232K, reserved 1075200K
  class space    used 3864K, capacity 4109K, committed 4144K, reserved 1048576K
}
Event: 3.121 GC heap before
{Heap before GC invocations=9 (full 1):
 PSYoungGen      total 75776K, used 72428K [0x00000000d5580000, 0x00000000dcf00000, 0x0000000100000000)
  eden space 64512K, 100% used [0x00000000d5580000,0x00000000d9480000,0x00000000d9480000)
  from space 11264K, 70% used [0x00000000d9480000,0x00000000d9c3b1c8,0x00000000d9f80000)
  to   space 11264K, 0% used [0x00000000dc400000,0x00000000dc400000,0x00000000dcf00000)
 ParOldGen       total 59392K, used 9226K [0x0000000080000000, 0x0000000083a00000, 0x00000000d5580000)
  object space 59392K, 15% used [0x0000000080000000,0x0000000080902830,0x0000000083a00000)
 Metaspace       used 32162K, capacity 33082K, committed 33328K, reserved 1077248K
  class space    used 4353K, capacity 4630K, committed 4656K, reserved 1048576K
Event: 3.129 GC heap after
Heap after GC invocations=9 (full 1):
 PSYoungGen      total 112640K, used 8568K [0x00000000d5580000, 0x00000000dd000000, 0x0000000100000000)
  eden space 101376K, 0% used [0x00000000d5580000,0x00000000d5580000,0x00000000db880000)
  from space 11264K, 76% used [0x00000000dc400000,0x00000000dcc5e030,0x00000000dcf00000)
  to   space 11776K, 0% used [0x00000000db880000,0x00000000db880000,0x00000000dc400000)
 ParOldGen       total 59392K, used 9234K [0x0000000080000000, 0x0000000083a00000, 0x00000000d5580000)
  object space 59392K, 15% used [0x0000000080000000,0x0000000080904830,0x0000000083a00000)
 Metaspace       used 32162K, capacity 33082K, committed 33328K, reserved 1077248K
  class space    used 4353K, capacity 4630K, committed 4656K, reserved 1048576K
}
Event: 3.529 GC heap before
{Heap before GC invocations=10 (full 1):
 PSYoungGen      total 112640K, used 48275K [0x00000000d5580000, 0x00000000dd000000, 0x0000000100000000)
  eden space 101376K, 39% used [0x00000000d5580000,0x00000000d7c46d58,0x00000000db880000)
  from space 11264K, 76% used [0x00000000dc400000,0x00000000dcc5e030,0x00000000dcf00000)
  to   space 11776K, 0% used [0x00000000db880000,0x00000000db880000,0x00000000dc400000)
 ParOldGen       total 59392K, used 9234K [0x0000000080000000, 0x0000000083a00000, 0x00000000d5580000)
  object space 59392K, 15% used [0x0000000080000000,0x0000000080904830,0x0000000083a00000)
 Metaspace       used 34306K, capacity 35394K, committed 35496K, reserved 1079296K
  class space    used 4660K, capacity 4945K, committed 5032K, reserved 1048576K
Event: 3.538 GC heap after
Heap after GC invocations=10 (full 1):
 PSYoungGen      total 113152K, used 9309K [0x00000000d5580000, 0x00000000df400000, 0x0000000100000000)
  eden space 101376K, 0% used [0x00000000d5580000,0x00000000d5580000,0x00000000db880000)
  from space 11776K, 79% used [0x00000000db880000,0x00000000dc1976a8,0x00000000dc400000)
  to   space 12288K, 0% used [0x00000000de800000,0x00000000de800000,0x00000000df400000)
 ParOldGen       total 59392K, used 9242K [0x0000000080000000, 0x0000000083a00000, 0x00000000d5580000)
  object space 59392K, 15% used [0x0000000080000000,0x0000000080906830,0x0000000083a00000)
 Metaspace       used 34306K, capacity 35394K, committed 35496K, reserved 1079296K
  class space    used 4660K, capacity 4945K, committed 5032K, reserved 1048576K
}
Event: 3.538 GC heap before
{Heap before GC invocations=11 (full 2):
 PSYoungGen      total 113152K, used 9309K [0x00000000d5580000, 0x00000000df400000, 0x0000000100000000)
  eden space 101376K, 0% used [0x00000000d5580000,0x00000000d5580000,0x00000000db880000)
  from space 11776K, 79% used [0x00000000db880000,0x00000000dc1976a8,0x00000000dc400000)
  to   space 12288K, 0% used [0x00000000de800000,0x00000000de800000,0x00000000df400000)
 ParOldGen       total 59392K, used 9242K [0x0000000080000000, 0x0000000083a00000, 0x00000000d5580000)
  object space 59392K, 15% used [0x0000000080000000,0x0000000080906830,0x0000000083a00000)
 Metaspace       used 34306K, capacity 35394K, committed 35496K, reserved 1079296K
  class space    used 4660K, capacity 4945K, committed 5032K, reserved 1048576K
Event: 3.575 GC heap after
Heap after GC invocations=11 (full 2):
 PSYoungGen      total 113152K, used 0K [0x00000000d5580000, 0x00000000df400000, 0x0000000100000000)
  eden space 101376K, 0% used [0x00000000d5580000,0x00000000d5580000,0x00000000db880000)
  from space 11776K, 0% used [0x00000000db880000,0x00000000db880000,0x00000000dc400000)
  to   space 12288K, 0% used [0x00000000de800000,0x00000000de800000,0x00000000df400000)
 ParOldGen       total 90624K, used 16297K [0x0000000080000000, 0x0000000085880000, 0x00000000d5580000)
  object space 90624K, 17% used [0x0000000080000000,0x0000000080fea728,0x0000000085880000)
 Metaspace       used 34306K, capacity 35394K, committed 35496K, reserved 1079296K
  class space    used 4660K, capacity 4945K, committed 5032K, reserved 1048576K
}
Event: 4.501 GC heap before
{Heap before GC invocations=12 (full 2):
 PSYoungGen      total 113152K, used 101376K [0x00000000d5580000, 0x00000000df400000, 0x0000000100000000)
  eden space 101376K, 100% used [0x00000000d5580000,0x00000000db880000,0x00000000db880000)
  from space 11776K, 0% used [0x00000000db880000,0x00000000db880000,0x00000000dc400000)
  to   space 12288K, 0% used [0x00000000de800000,0x00000000de800000,0x00000000df400000)
 ParOldGen       total 90624K, used 16297K [0x0000000080000000, 0x0000000085880000, 0x00000000d5580000)
  object space 90624K, 17% used [0x0000000080000000,0x0000000080fea728,0x0000000085880000)
 Metaspace       used 39155K, capacity 40768K, committed 41128K, reserved 1085440K
  class space    used 5317K, capacity 5675K, committed 5800K, reserved 1048576K
Event: 4.512 GC heap after
Heap after GC invocations=12 (full 2):
 PSYoungGen      total 138752K, used 9030K [0x00000000d5580000, 0x00000000df100000, 0x0000000100000000)
  eden space 129536K, 0% used [0x00000000d5580000,0x00000000d5580000,0x00000000dd400000)
  from space 9216K, 97% used [0x00000000de800000,0x00000000df0d1a50,0x00000000df100000)
  to   space 12288K, 0% used [0x00000000dd900000,0x00000000dd900000,0x00000000de500000)
 ParOldGen       total 90624K, used 16305K [0x0000000080000000, 0x0000000085880000, 0x00000000d5580000)
  object space 90624K, 17% used [0x0000000080000000,0x0000000080fec728,0x0000000085880000)
 Metaspace       used 39155K, capacity 40768K, committed 41128K, reserved 1085440K
  class space    used 5317K, capacity 5675K, committed 5800K, reserved 1048576K
}

