# JRE version: OpenJDK Runtime Environment (8.0_242-b01) (build 1.8.0_242-release-1644-b01)
# Java VM: OpenJDK 64-Bit Server VM (25.242-b01 mixed mode windows-amd64 compressed oops)
Heap:
 PSYoungGen      total 287232K, used 243415K [0x00000000d5580000, 0x00000000ea700000, 0x0000000100000000)
  eden space 242176K, 86% used [0x00000000d5580000,0x00000000e2169778,0x00000000e4200000)
  from space 45056K, 76% used [0x00000000e7100000,0x00000000e92cc820,0x00000000e9d00000)
  to   space 48128K, 0% used [0x00000000e4200000,0x00000000e4200000,0x00000000e7100000)
 ParOldGen       total 142848K, used 73911K [0x0000000080000000, 0x0000000088b80000, 0x00000000d5580000)
  object space 142848K, 51% used [0x0000000080000000,0x000000008482df90,0x0000000088b80000)
 Metaspace       used 106681K, capacity 112050K, committed 112152K, reserved 1148928K
  class space    used 14023K, capacity 15085K, committed 15152K, reserved 1048576K
GC Heap History (10 events):
Event: 55.450 GC heap before
{Heap before GC invocations=20 (full 3):
 PSYoungGen      total 237056K, used 232362K [0x00000000d5580000, 0x00000000e6080000, 0x0000000100000000)
  eden space 206848K, 100% used [0x00000000d5580000,0x00000000e1f80000,0x00000000e1f80000)
  from space 30208K, 84% used [0x00000000e4300000,0x00000000e5beaaa0,0x00000000e6080000)
  to   space 33280K, 0% used [0x00000000e1f80000,0x00000000e1f80000,0x00000000e4000000)
 ParOldGen       total 142848K, used 59418K [0x0000000080000000, 0x0000000088b80000, 0x00000000d5580000)
  object space 142848K, 41% used [0x0000000080000000,0x0000000083a06a98,0x0000000088b80000)
 Metaspace       used 87792K, capacity 92258K, committed 92312K, reserved 1128448K
  class space    used 11570K, capacity 12451K, committed 12464K, reserved 1048576K
Event: 55.476 GC heap after
Heap after GC invocations=20 (full 3):
 PSYoungGen      total 240128K, used 33276K [0x00000000d5580000, 0x00000000e8900000, 0x0000000100000000)
  eden space 206848K, 0% used [0x00000000d5580000,0x00000000d5580000,0x00000000e1f80000)
  from space 33280K, 99% used [0x00000000e1f80000,0x00000000e3fff088,0x00000000e4000000)
  to   space 43520K, 0% used [0x00000000e5e80000,0x00000000e5e80000,0x00000000e8900000)
 ParOldGen       total 142848K, used 73448K [0x0000000080000000, 0x0000000088b80000, 0x00000000d5580000)
  object space 142848K, 51% used [0x0000000080000000,0x00000000847ba3f0,0x0000000088b80000)
 Metaspace       used 87792K, capacity 92258K, committed 92312K, reserved 1128448K
  class space    used 11570K, capacity 12451K, committed 12464K, reserved 1048576K
}
Event: 58.237 GC heap before
{Heap before GC invocations=21 (full 3):
 PSYoungGen      total 240128K, used 240124K [0x00000000d5580000, 0x00000000e8900000, 0x0000000100000000)
  eden space 206848K, 100% used [0x00000000d5580000,0x00000000e1f80000,0x00000000e1f80000)
  from space 33280K, 99% used [0x00000000e1f80000,0x00000000e3fff088,0x00000000e4000000)
  to   space 43520K, 0% used [0x00000000e5e80000,0x00000000e5e80000,0x00000000e8900000)
 ParOldGen       total 142848K, used 73448K [0x0000000080000000, 0x0000000088b80000, 0x00000000d5580000)
  object space 142848K, 51% used [0x0000000080000000,0x00000000847ba3f0,0x0000000088b80000)
 Metaspace       used 90748K, capacity 95516K, committed 95768K, reserved 1132544K
  class space    used 11888K, capacity 12804K, committed 12848K, reserved 1048576K
Event: 58.260 GC heap after
Heap after GC invocations=21 (full 3):
 PSYoungGen      total 267264K, used 23652K [0x00000000d5580000, 0x00000000e8680000, 0x0000000100000000)
  eden space 226304K, 0% used [0x00000000d5580000,0x00000000d5580000,0x00000000e3280000)
  from space 40960K, 57% used [0x00000000e5e80000,0x00000000e75992d8,0x00000000e8680000)
  to   space 43008K, 0% used [0x00000000e3280000,0x00000000e3280000,0x00000000e5c80000)
 ParOldGen       total 142848K, used 94430K [0x0000000080000000, 0x0000000088b80000, 0x00000000d5580000)
  object space 142848K, 66% used [0x0000000080000000,0x0000000085c37830,0x0000000088b80000)
 Metaspace       used 90748K, capacity 95516K, committed 95768K, reserved 1132544K
  class space    used 11888K, capacity 12804K, committed 12848K, reserved 1048576K
}
Event: 62.351 GC heap before
{Heap before GC invocations=22 (full 3):
 PSYoungGen      total 267264K, used 100232K [0x00000000d5580000, 0x00000000e8680000, 0x0000000100000000)
  eden space 226304K, 33% used [0x00000000d5580000,0x00000000da0490d8,0x00000000e3280000)
  from space 40960K, 57% used [0x00000000e5e80000,0x00000000e75992d8,0x00000000e8680000)
  to   space 43008K, 0% used [0x00000000e3280000,0x00000000e3280000,0x00000000e5c80000)
 ParOldGen       total 142848K, used 94430K [0x0000000080000000, 0x0000000088b80000, 0x00000000d5580000)
  object space 142848K, 66% used [0x0000000080000000,0x0000000085c37830,0x0000000088b80000)
 Metaspace       used 93546K, capacity 98514K, committed 98584K, reserved 1134592K
  class space    used 12307K, capacity 13297K, committed 13360K, reserved 1048576K
Event: 62.368 GC heap after
Heap after GC invocations=22 (full 3):
 PSYoungGen      total 269312K, used 30647K [0x00000000d5580000, 0x00000000e9d00000, 0x0000000100000000)
  eden space 226304K, 0% used [0x00000000d5580000,0x00000000d5580000,0x00000000e3280000)
  from space 43008K, 71% used [0x00000000e3280000,0x00000000e506de08,0x00000000e5c80000)
  to   space 45056K, 0% used [0x00000000e7100000,0x00000000e7100000,0x00000000e9d00000)
 ParOldGen       total 142848K, used 94438K [0x0000000080000000, 0x0000000088b80000, 0x00000000d5580000)
  object space 142848K, 66% used [0x0000000080000000,0x0000000085c39830,0x0000000088b80000)
 Metaspace       used 93546K, capacity 98514K, committed 98584K, reserved 1134592K
  class space    used 12307K, capacity 13297K, committed 13360K, reserved 1048576K
}
Event: 62.368 GC heap before
{Heap before GC invocations=23 (full 4):
 PSYoungGen      total 269312K, used 30647K [0x00000000d5580000, 0x00000000e9d00000, 0x0000000100000000)
  eden space 226304K, 0% used [0x00000000d5580000,0x00000000d5580000,0x00000000e3280000)
  from space 43008K, 71% used [0x00000000e3280000,0x00000000e506de08,0x00000000e5c80000)
  to   space 45056K, 0% used [0x00000000e7100000,0x00000000e7100000,0x00000000e9d00000)
 ParOldGen       total 142848K, used 94438K [0x0000000080000000, 0x0000000088b80000, 0x00000000d5580000)
  object space 142848K, 66% used [0x0000000080000000,0x0000000085c39830,0x0000000088b80000)
 Metaspace       used 93546K, capacity 98514K, committed 98584K, reserved 1134592K
  class space    used 12307K, capacity 13297K, committed 13360K, reserved 1048576K
Event: 62.549 GC heap after
Heap after GC invocations=23 (full 4):
 PSYoungGen      total 269312K, used 0K [0x00000000d5580000, 0x00000000e9d00000, 0x0000000100000000)
  eden space 226304K, 0% used [0x00000000d5580000,0x00000000d5580000,0x00000000e3280000)
  from space 43008K, 0% used [0x00000000e3280000,0x00000000e3280000,0x00000000e5c80000)
  to   space 45056K, 0% used [0x00000000e7100000,0x00000000e7100000,0x00000000e9d00000)
 ParOldGen       total 142848K, used 73903K [0x0000000080000000, 0x0000000088b80000, 0x00000000d5580000)
  object space 142848K, 51% used [0x0000000080000000,0x000000008482bf90,0x0000000088b80000)
 Metaspace       used 93224K, capacity 97570K, committed 98584K, reserved 1134592K
  class space    used 12203K, capacity 13113K, committed 13360K, reserved 1048576K
}
Event: 64.626 GC heap before
{Heap before GC invocations=24 (full 4):
 PSYoungGen      total 269312K, used 226304K [0x00000000d5580000, 0x00000000e9d00000, 0x0000000100000000)
  eden space 226304K, 100% used [0x00000000d5580000,0x00000000e3280000,0x00000000e3280000)
  from space 43008K, 0% used [0x00000000e3280000,0x00000000e3280000,0x00000000e5c80000)
  to   space 45056K, 0% used [0x00000000e7100000,0x00000000e7100000,0x00000000e9d00000)
 ParOldGen       total 142848K, used 73903K [0x0000000080000000, 0x0000000088b80000, 0x00000000d5580000)
  object space 142848K, 51% used [0x0000000080000000,0x000000008482bf90,0x0000000088b80000)
 Metaspace       used 101314K, capacity 106114K, committed 106392K, reserved 1140736K
  class space    used 13266K, capacity 14229K, committed 14256K, reserved 1048576K
Event: 64.648 GC heap after
Heap after GC invocations=24 (full 4):
 PSYoungGen      total 287232K, used 34610K [0x00000000d5580000, 0x00000000ea700000, 0x0000000100000000)
  eden space 242176K, 0% used [0x00000000d5580000,0x00000000d5580000,0x00000000e4200000)
  from space 45056K, 76% used [0x00000000e7100000,0x00000000e92cc820,0x00000000e9d00000)
  to   space 48128K, 0% used [0x00000000e4200000,0x00000000e4200000,0x00000000e7100000)
 ParOldGen       total 142848K, used 73911K [0x0000000080000000, 0x0000000088b80000, 0x00000000d5580000)
  object space 142848K, 51% used [0x0000000080000000,0x000000008482df90,0x0000000088b80000)
 Metaspace       used 101314K, capacity 106114K, committed 106392K, reserved 1140736K
  class space    used 13266K, capacity 14229K, committed 14256K, reserved 1048576K
}

