# JRE version: OpenJDK Runtime Environment (8.0_242-b01) (build 1.8.0_242-release-1644-b01)
# Java VM: OpenJDK 64-Bit Server VM (25.242-b01 mixed mode windows-amd64 compressed oops)
Heap:
 PSYoungGen      total 278016K, used 242393K [0x00000000d5580000, 0x00000000ea280000, 0x0000000100000000)
  eden space 230400K, 90% used [0x00000000d5580000,0x00000000e2179300,0x00000000e3680000)
  from space 47616K, 70% used [0x00000000e3680000,0x00000000e573d248,0x00000000e6500000)
  to   space 43008K, 0% used [0x00000000e6500000,0x00000000e6500000,0x00000000e8f00000)
 ParOldGen       total 176128K, used 175626K [0x0000000080000000, 0x000000008ac00000, 0x00000000d5580000)
  object space 176128K, 99% used [0x0000000080000000,0x000000008ab82828,0x000000008ac00000)
 Metaspace       used 79914K, capacity 83659K, committed 85784K, reserved 1122304K
  class space    used 10911K, capacity 11630K, committed 12072K, reserved 1048576K
GC Heap History (10 events):
Event: 6.933 GC heap before
{Heap before GC invocations=17 (full 3):
 PSYoungGen      total 183808K, used 180015K [0x00000000d5580000, 0x00000000e3d00000, 0x0000000100000000)
  eden space 164352K, 100% used [0x00000000d5580000,0x00000000df600000,0x00000000df600000)
  from space 19456K, 80% used [0x00000000df600000,0x00000000e054bed0,0x00000000e0900000)
  to   space 20992K, 0% used [0x00000000e2880000,0x00000000e2880000,0x00000000e3d00000)
 ParOldGen       total 141312K, used 35345K [0x0000000080000000, 0x0000000088a00000, 0x00000000d5580000)
  object space 141312K, 25% used [0x0000000080000000,0x0000000082284648,0x0000000088a00000)
 Metaspace       used 68091K, capacity 71429K, committed 71704K, reserved 1112064K
  class space    used 9330K, capacity 9983K, committed 10024K, reserved 1048576K
Event: 6.948 GC heap after
Heap after GC invocations=17 (full 3):
 PSYoungGen      total 212480K, used 20990K [0x00000000d5580000, 0x00000000e4480000, 0x0000000100000000)
  eden space 191488K, 0% used [0x00000000d5580000,0x00000000d5580000,0x00000000e1080000)
  from space 20992K, 99% used [0x00000000e2880000,0x00000000e3cffba0,0x00000000e3d00000)
  to   space 24576K, 0% used [0x00000000e1080000,0x00000000e1080000,0x00000000e2880000)
 ParOldGen       total 141312K, used 37358K [0x0000000080000000, 0x0000000088a00000, 0x00000000d5580000)
  object space 141312K, 26% used [0x0000000080000000,0x000000008247ba70,0x0000000088a00000)
 Metaspace       used 68091K, capacity 71429K, committed 71704K, reserved 1112064K
  class space    used 9330K, capacity 9983K, committed 10024K, reserved 1048576K
}
Event: 7.654 GC heap before
{Heap before GC invocations=18 (full 3):
 PSYoungGen      total 212480K, used 212478K [0x00000000d5580000, 0x00000000e4480000, 0x0000000100000000)
  eden space 191488K, 100% used [0x00000000d5580000,0x00000000e1080000,0x00000000e1080000)
  from space 20992K, 99% used [0x00000000e2880000,0x00000000e3cffba0,0x00000000e3d00000)
  to   space 24576K, 0% used [0x00000000e1080000,0x00000000e1080000,0x00000000e2880000)
 ParOldGen       total 141312K, used 37358K [0x0000000080000000, 0x0000000088a00000, 0x00000000d5580000)
  object space 141312K, 26% used [0x0000000080000000,0x000000008247ba70,0x0000000088a00000)
 Metaspace       used 73813K, capacity 77757K, committed 77976K, reserved 1116160K
  class space    used 10145K, capacity 10885K, committed 10920K, reserved 1048576K
Event: 7.684 GC heap after
Heap after GC invocations=18 (full 3):
 PSYoungGen      total 216064K, used 24568K [0x00000000d5580000, 0x00000000e8f00000, 0x0000000100000000)
  eden space 191488K, 0% used [0x00000000d5580000,0x00000000d5580000,0x00000000e1080000)
  from space 24576K, 99% used [0x00000000e1080000,0x00000000e287e3c8,0x00000000e2880000)
  to   space 43008K, 0% used [0x00000000e6500000,0x00000000e6500000,0x00000000e8f00000)
 ParOldGen       total 141312K, used 77314K [0x0000000080000000, 0x0000000088a00000, 0x00000000d5580000)
  object space 141312K, 54% used [0x0000000080000000,0x0000000084b80ba0,0x0000000088a00000)
 Metaspace       used 73813K, capacity 77757K, committed 77976K, reserved 1116160K
  class space    used 10145K, capacity 10885K, committed 10920K, reserved 1048576K
}
Event: 8.303 GC heap before
{Heap before GC invocations=19 (full 3):
 PSYoungGen      total 216064K, used 216056K [0x00000000d5580000, 0x00000000e8f00000, 0x0000000100000000)
  eden space 191488K, 100% used [0x00000000d5580000,0x00000000e1080000,0x00000000e1080000)
  from space 24576K, 99% used [0x00000000e1080000,0x00000000e287e3c8,0x00000000e2880000)
  to   space 43008K, 0% used [0x00000000e6500000,0x00000000e6500000,0x00000000e8f00000)
 ParOldGen       total 141312K, used 77314K [0x0000000080000000, 0x0000000088a00000, 0x00000000d5580000)
  object space 141312K, 54% used [0x0000000080000000,0x0000000084b80ba0,0x0000000088a00000)
 Metaspace       used 79270K, capacity 84141K, committed 84248K, reserved 1122304K
  class space    used 10946K, capacity 11797K, committed 11816K, reserved 1048576K
Event: 8.347 GC heap after
Heap after GC invocations=19 (full 3):
 PSYoungGen      total 273408K, used 36530K [0x00000000d5580000, 0x00000000ea280000, 0x0000000100000000)
  eden space 230400K, 0% used [0x00000000d5580000,0x00000000d5580000,0x00000000e3680000)
  from space 43008K, 84% used [0x00000000e6500000,0x00000000e88ac988,0x00000000e8f00000)
  to   space 47616K, 0% used [0x00000000e3680000,0x00000000e3680000,0x00000000e6500000)
 ParOldGen       total 141312K, used 100609K [0x0000000080000000, 0x0000000088a00000, 0x00000000d5580000)
  object space 141312K, 71% used [0x0000000080000000,0x00000000862404a8,0x0000000088a00000)
 Metaspace       used 79270K, capacity 84141K, committed 84248K, reserved 1122304K
  class space    used 10946K, capacity 11797K, committed 11816K, reserved 1048576K
}
Event: 8.866 GC heap before
{Heap before GC invocations=20 (full 3):
 PSYoungGen      total 273408K, used 266930K [0x00000000d5580000, 0x00000000ea280000, 0x0000000100000000)
  eden space 230400K, 100% used [0x00000000d5580000,0x00000000e3680000,0x00000000e3680000)
  from space 43008K, 84% used [0x00000000e6500000,0x00000000e88ac988,0x00000000e8f00000)
  to   space 47616K, 0% used [0x00000000e3680000,0x00000000e3680000,0x00000000e6500000)
 ParOldGen       total 141312K, used 100609K [0x0000000080000000, 0x0000000088a00000, 0x00000000d5580000)
  object space 141312K, 71% used [0x0000000080000000,0x00000000862404a8,0x0000000088a00000)
 Metaspace       used 80316K, capacity 85339K, committed 85528K, reserved 1122304K
  class space    used 11110K, capacity 12034K, committed 12072K, reserved 1048576K
Event: 8.975 GC heap after
Heap after GC invocations=20 (full 3):
 PSYoungGen      total 278016K, used 47595K [0x00000000d5580000, 0x00000000ea280000, 0x0000000100000000)
  eden space 230400K, 0% used [0x00000000d5580000,0x00000000d5580000,0x00000000e3680000)
  from space 47616K, 99% used [0x00000000e3680000,0x00000000e64fac50,0x00000000e6500000)
  to   space 43008K, 0% used [0x00000000e6500000,0x00000000e6500000,0x00000000e8f00000)
 ParOldGen       total 176128K, used 175703K [0x0000000080000000, 0x000000008ac00000, 0x00000000d5580000)
  object space 176128K, 99% used [0x0000000080000000,0x000000008ab95e48,0x000000008ac00000)
 Metaspace       used 80316K, capacity 85339K, committed 85528K, reserved 1122304K
  class space    used 11110K, capacity 12034K, committed 12072K, reserved 1048576K
}
Event: 8.975 GC heap before
{Heap before GC invocations=21 (full 4):
 PSYoungGen      total 278016K, used 47595K [0x00000000d5580000, 0x00000000ea280000, 0x0000000100000000)
  eden space 230400K, 0% used [0x00000000d5580000,0x00000000d5580000,0x00000000e3680000)
  from space 47616K, 99% used [0x00000000e3680000,0x00000000e64fac50,0x00000000e6500000)
  to   space 43008K, 0% used [0x00000000e6500000,0x00000000e6500000,0x00000000e8f00000)
 ParOldGen       total 176128K, used 175703K [0x0000000080000000, 0x000000008ac00000, 0x00000000d5580000)
  object space 176128K, 99% used [0x0000000080000000,0x000000008ab95e48,0x000000008ac00000)
 Metaspace       used 80316K, capacity 85339K, committed 85528K, reserved 1122304K
  class space    used 11110K, capacity 12034K, committed 12072K, reserved 1048576K
Event: 9.626 GC heap after
Heap after GC invocations=21 (full 4):
 PSYoungGen      total 278016K, used 33524K [0x00000000d5580000, 0x00000000ea280000, 0x0000000100000000)
  eden space 230400K, 0% used [0x00000000d5580000,0x00000000d5580000,0x00000000e3680000)
  from space 47616K, 70% used [0x00000000e3680000,0x00000000e573d248,0x00000000e6500000)
  to   space 43008K, 0% used [0x00000000e6500000,0x00000000e6500000,0x00000000e8f00000)
 ParOldGen       total 176128K, used 175626K [0x0000000080000000, 0x000000008ac00000, 0x00000000d5580000)
  object space 176128K, 99% used [0x0000000080000000,0x000000008ab82828,0x000000008ac00000)
 Metaspace       used 79574K, capacity 83259K, committed 85528K, reserved 1122304K
  class space    used 10864K, capacity 11600K, committed 12072K, reserved 1048576K
}

